#-----------------------------------------------------------
# Vivado v2018.2 (64-bit)
# SW Build 2258646 on Thu Jun 14 20:03:12 MDT 2018
# IP Build 2256618 on Thu Jun 14 22:10:49 MDT 2018
# Start of session at: Sun Oct 28 20:50:08 2018
# Process ID: 5992
# Current directory: D:/2018autumn/organization/Memory-Visit
# Command line: vivado.exe -gui_launcher_event rodinguilauncherevent3264 D:\2018autumn\organization\Memory-Visit\thinpad_top.xpr
# Log file: D:/2018autumn/organization/Memory-Visit/vivado.log
# Journal file: D:/2018autumn/organization/Memory-Visit\vivado.jou
#-----------------------------------------------------------
start_gui
open_project D:/2018autumn/organization/Memory-Visit/thinpad_top.xpr
INFO: [Project 1-313] Project file moved from 'D:/2018autumn/organization/Simple-ALU' since last save.
Scanning sources...
Finished scanning sources
INFO: [IP_Flow 19-234] Refreshing IP repositories
INFO: [IP_Flow 19-1704] No user IP repositories specified
INFO: [IP_Flow 19-2313] Loaded Vivado IP repository 'D:/programs/Xilinx/Vivado/2018.2/data/ip'.
open_project: Time (s): cpu = 00:00:10 ; elapsed = 00:00:06 . Memory (MB): peak = 878.715 ; gain = 148.074
update_compile_order -fileset sources_1
update_compile_order -fileset sources_1
update_compile_order -fileset sources_1
update_compile_order -fileset sources_1
reset_run synth_1
WARNING: [Vivado 12-1017] Problems encountered:
1. Failed to delete one or more files in run directory D:/2018autumn/organization/Memory-Visit/thinpad_top.runs/synth_1

launch_runs synth_1 -jobs 4
[Sun Oct 28 20:59:44 2018] Launched synth_1...
Run output will be captured here: D:/2018autumn/organization/Memory-Visit/thinpad_top.runs/synth_1/runme.log
launch_runs impl_1 -jobs 4
[Sun Oct 28 21:00:38 2018] Launched impl_1...
Run output will be captured here: D:/2018autumn/organization/Memory-Visit/thinpad_top.runs/impl_1/runme.log
launch_runs impl_1 -to_step write_bitstream -jobs 4
[Sun Oct 28 21:02:00 2018] Launched impl_1...
Run output will be captured here: D:/2018autumn/organization/Memory-Visit/thinpad_top.runs/impl_1/runme.log
reset_run synth_1
WARNING: [Vivado 12-1017] Problems encountered:
1. Failed to delete one or more files in run directory D:/2018autumn/organization/Memory-Visit/thinpad_top.runs/synth_1

launch_runs synth_1 -jobs 4
[Sun Oct 28 21:08:01 2018] Launched synth_1...
Run output will be captured here: D:/2018autumn/organization/Memory-Visit/thinpad_top.runs/synth_1/runme.log
