Copyright 1986-2018 Xilinx, Inc. All Rights Reserved.
-----------------------------------------------------------------------------------------------------------------------------------------------------------------------
| Tool Version : Vivado v.2018.2 (win64) Build 2258646 Thu Jun 14 20:03:12 MDT 2018
| Date         : Sun Oct 28 22:33:00 2018
| Host         : DESKTOP-N99O3L4 running 64-bit major release  (build 9200)
| Command      : report_methodology -file thinpad_top_methodology_drc_routed.rpt -pb thinpad_top_methodology_drc_routed.pb -rpx thinpad_top_methodology_drc_routed.rpx
| Design       : thinpad_top
| Device       : xc7a100tfgg676-2L
| Speed File   : -2L
| Design State : Routed
-----------------------------------------------------------------------------------------------------------------------------------------------------------------------

Report Methodology

Table of Contents
-----------------
1. REPORT SUMMARY
2. REPORT DETAILS

1. REPORT SUMMARY
-----------------
            Netlist: netlist
          Floorplan: design_1
      Design limits: <entire design considered>
             Max violations: <unlimited>
             Violations found: 198
+-----------+----------+-------------------------------+------------+
| Rule      | Severity | Description                   | Violations |
+-----------+----------+-------------------------------+------------+
| TIMING-17 | Warning  | Non-clocked sequential cell   | 59         |
| TIMING-18 | Warning  | Missing input or output delay | 139        |
+-----------+----------+-------------------------------+------------+

2. REPORT DETAILS
-----------------
TIMING-17#1 Warning
Non-clocked sequential cell  
The clock pin FSM_sequential_state_reg[0]/C is not reached by a timing clock
Related violations: <none>

TIMING-17#2 Warning
Non-clocked sequential cell  
The clock pin FSM_sequential_state_reg[1]/C is not reached by a timing clock
Related violations: <none>

TIMING-17#3 Warning
Non-clocked sequential cell  
The clock pin FSM_sequential_state_reg[2]/C is not reached by a timing clock
Related violations: <none>

TIMING-17#4 Warning
Non-clocked sequential cell  
The clock pin count_reg[0]/C is not reached by a timing clock
Related violations: <none>

TIMING-17#5 Warning
Non-clocked sequential cell  
The clock pin count_reg[1]/C is not reached by a timing clock
Related violations: <none>

TIMING-17#6 Warning
Non-clocked sequential cell  
The clock pin count_reg[2]/C is not reached by a timing clock
Related violations: <none>

TIMING-17#7 Warning
Non-clocked sequential cell  
The clock pin count_reg[3]/C is not reached by a timing clock
Related violations: <none>

TIMING-17#8 Warning
Non-clocked sequential cell  
The clock pin input_address_reg[0]/C is not reached by a timing clock
Related violations: <none>

TIMING-17#9 Warning
Non-clocked sequential cell  
The clock pin input_address_reg[10]/C is not reached by a timing clock
Related violations: <none>

TIMING-17#10 Warning
Non-clocked sequential cell  
The clock pin input_address_reg[11]/C is not reached by a timing clock
Related violations: <none>

TIMING-17#11 Warning
Non-clocked sequential cell  
The clock pin input_address_reg[12]/C is not reached by a timing clock
Related violations: <none>

TIMING-17#12 Warning
Non-clocked sequential cell  
The clock pin input_address_reg[13]/C is not reached by a timing clock
Related violations: <none>

TIMING-17#13 Warning
Non-clocked sequential cell  
The clock pin input_address_reg[14]/C is not reached by a timing clock
Related violations: <none>

TIMING-17#14 Warning
Non-clocked sequential cell  
The clock pin input_address_reg[15]/C is not reached by a timing clock
Related violations: <none>

TIMING-17#15 Warning
Non-clocked sequential cell  
The clock pin input_address_reg[16]/C is not reached by a timing clock
Related violations: <none>

TIMING-17#16 Warning
Non-clocked sequential cell  
The clock pin input_address_reg[17]/C is not reached by a timing clock
Related violations: <none>

TIMING-17#17 Warning
Non-clocked sequential cell  
The clock pin input_address_reg[18]/C is not reached by a timing clock
Related violations: <none>

TIMING-17#18 Warning
Non-clocked sequential cell  
The clock pin input_address_reg[19]/C is not reached by a timing clock
Related violations: <none>

TIMING-17#19 Warning
Non-clocked sequential cell  
The clock pin input_address_reg[1]/C is not reached by a timing clock
Related violations: <none>

TIMING-17#20 Warning
Non-clocked sequential cell  
The clock pin input_address_reg[2]/C is not reached by a timing clock
Related violations: <none>

TIMING-17#21 Warning
Non-clocked sequential cell  
The clock pin input_address_reg[3]/C is not reached by a timing clock
Related violations: <none>

TIMING-17#22 Warning
Non-clocked sequential cell  
The clock pin input_address_reg[4]/C is not reached by a timing clock
Related violations: <none>

TIMING-17#23 Warning
Non-clocked sequential cell  
The clock pin input_address_reg[5]/C is not reached by a timing clock
Related violations: <none>

TIMING-17#24 Warning
Non-clocked sequential cell  
The clock pin input_address_reg[6]/C is not reached by a timing clock
Related violations: <none>

TIMING-17#25 Warning
Non-clocked sequential cell  
The clock pin input_address_reg[7]/C is not reached by a timing clock
Related violations: <none>

TIMING-17#26 Warning
Non-clocked sequential cell  
The clock pin input_address_reg[8]/C is not reached by a timing clock
Related violations: <none>

TIMING-17#27 Warning
Non-clocked sequential cell  
The clock pin input_address_reg[9]/C is not reached by a timing clock
Related violations: <none>

TIMING-17#28 Warning
Non-clocked sequential cell  
The clock pin input_data_reg[0]/C is not reached by a timing clock
Related violations: <none>

TIMING-17#29 Warning
Non-clocked sequential cell  
The clock pin input_data_reg[10]/C is not reached by a timing clock
Related violations: <none>

TIMING-17#30 Warning
Non-clocked sequential cell  
The clock pin input_data_reg[11]/C is not reached by a timing clock
Related violations: <none>

TIMING-17#31 Warning
Non-clocked sequential cell  
The clock pin input_data_reg[12]/C is not reached by a timing clock
Related violations: <none>

TIMING-17#32 Warning
Non-clocked sequential cell  
The clock pin input_data_reg[13]/C is not reached by a timing clock
Related violations: <none>

TIMING-17#33 Warning
Non-clocked sequential cell  
The clock pin input_data_reg[14]/C is not reached by a timing clock
Related violations: <none>

TIMING-17#34 Warning
Non-clocked sequential cell  
The clock pin input_data_reg[15]/C is not reached by a timing clock
Related violations: <none>

TIMING-17#35 Warning
Non-clocked sequential cell  
The clock pin input_data_reg[16]/C is not reached by a timing clock
Related violations: <none>

TIMING-17#36 Warning
Non-clocked sequential cell  
The clock pin input_data_reg[17]/C is not reached by a timing clock
Related violations: <none>

TIMING-17#37 Warning
Non-clocked sequential cell  
The clock pin input_data_reg[18]/C is not reached by a timing clock
Related violations: <none>

TIMING-17#38 Warning
Non-clocked sequential cell  
The clock pin input_data_reg[19]/C is not reached by a timing clock
Related violations: <none>

TIMING-17#39 Warning
Non-clocked sequential cell  
The clock pin input_data_reg[1]/C is not reached by a timing clock
Related violations: <none>

TIMING-17#40 Warning
Non-clocked sequential cell  
The clock pin input_data_reg[20]/C is not reached by a timing clock
Related violations: <none>

TIMING-17#41 Warning
Non-clocked sequential cell  
The clock pin input_data_reg[21]/C is not reached by a timing clock
Related violations: <none>

TIMING-17#42 Warning
Non-clocked sequential cell  
The clock pin input_data_reg[22]/C is not reached by a timing clock
Related violations: <none>

TIMING-17#43 Warning
Non-clocked sequential cell  
The clock pin input_data_reg[23]/C is not reached by a timing clock
Related violations: <none>

TIMING-17#44 Warning
Non-clocked sequential cell  
The clock pin input_data_reg[24]/C is not reached by a timing clock
Related violations: <none>

TIMING-17#45 Warning
Non-clocked sequential cell  
The clock pin input_data_reg[25]/C is not reached by a timing clock
Related violations: <none>

TIMING-17#46 Warning
Non-clocked sequential cell  
The clock pin input_data_reg[26]/C is not reached by a timing clock
Related violations: <none>

TIMING-17#47 Warning
Non-clocked sequential cell  
The clock pin input_data_reg[27]/C is not reached by a timing clock
Related violations: <none>

TIMING-17#48 Warning
Non-clocked sequential cell  
The clock pin input_data_reg[28]/C is not reached by a timing clock
Related violations: <none>

TIMING-17#49 Warning
Non-clocked sequential cell  
The clock pin input_data_reg[29]/C is not reached by a timing clock
Related violations: <none>

TIMING-17#50 Warning
Non-clocked sequential cell  
The clock pin input_data_reg[2]/C is not reached by a timing clock
Related violations: <none>

TIMING-17#51 Warning
Non-clocked sequential cell  
The clock pin input_data_reg[30]/C is not reached by a timing clock
Related violations: <none>

TIMING-17#52 Warning
Non-clocked sequential cell  
The clock pin input_data_reg[31]/C is not reached by a timing clock
Related violations: <none>

TIMING-17#53 Warning
Non-clocked sequential cell  
The clock pin input_data_reg[3]/C is not reached by a timing clock
Related violations: <none>

TIMING-17#54 Warning
Non-clocked sequential cell  
The clock pin input_data_reg[4]/C is not reached by a timing clock
Related violations: <none>

TIMING-17#55 Warning
Non-clocked sequential cell  
The clock pin input_data_reg[5]/C is not reached by a timing clock
Related violations: <none>

TIMING-17#56 Warning
Non-clocked sequential cell  
The clock pin input_data_reg[6]/C is not reached by a timing clock
Related violations: <none>

TIMING-17#57 Warning
Non-clocked sequential cell  
The clock pin input_data_reg[7]/C is not reached by a timing clock
Related violations: <none>

TIMING-17#58 Warning
Non-clocked sequential cell  
The clock pin input_data_reg[8]/C is not reached by a timing clock
Related violations: <none>

TIMING-17#59 Warning
Non-clocked sequential cell  
The clock pin input_data_reg[9]/C is not reached by a timing clock
Related violations: <none>

TIMING-18#1 Warning
Missing input or output delay  
An input delay is missing on base_ram_data[0] relative to clock(s) clk_50M
Related violations: <none>

TIMING-18#2 Warning
Missing input or output delay  
An input delay is missing on base_ram_data[10] relative to clock(s) clk_50M
Related violations: <none>

TIMING-18#3 Warning
Missing input or output delay  
An input delay is missing on base_ram_data[11] relative to clock(s) clk_50M
Related violations: <none>

TIMING-18#4 Warning
Missing input or output delay  
An input delay is missing on base_ram_data[12] relative to clock(s) clk_50M
Related violations: <none>

TIMING-18#5 Warning
Missing input or output delay  
An input delay is missing on base_ram_data[13] relative to clock(s) clk_50M
Related violations: <none>

TIMING-18#6 Warning
Missing input or output delay  
An input delay is missing on base_ram_data[14] relative to clock(s) clk_50M
Related violations: <none>

TIMING-18#7 Warning
Missing input or output delay  
An input delay is missing on base_ram_data[15] relative to clock(s) clk_50M
Related violations: <none>

TIMING-18#8 Warning
Missing input or output delay  
An input delay is missing on base_ram_data[16] relative to clock(s) clk_50M
Related violations: <none>

TIMING-18#9 Warning
Missing input or output delay  
An input delay is missing on base_ram_data[17] relative to clock(s) clk_50M
Related violations: <none>

TIMING-18#10 Warning
Missing input or output delay  
An input delay is missing on base_ram_data[18] relative to clock(s) clk_50M
Related violations: <none>

TIMING-18#11 Warning
Missing input or output delay  
An input delay is missing on base_ram_data[19] relative to clock(s) clk_50M
Related violations: <none>

TIMING-18#12 Warning
Missing input or output delay  
An input delay is missing on base_ram_data[1] relative to clock(s) clk_50M
Related violations: <none>

TIMING-18#13 Warning
Missing input or output delay  
An input delay is missing on base_ram_data[20] relative to clock(s) clk_50M
Related violations: <none>

TIMING-18#14 Warning
Missing input or output delay  
An input delay is missing on base_ram_data[21] relative to clock(s) clk_50M
Related violations: <none>

TIMING-18#15 Warning
Missing input or output delay  
An input delay is missing on base_ram_data[22] relative to clock(s) clk_50M
Related violations: <none>

TIMING-18#16 Warning
Missing input or output delay  
An input delay is missing on base_ram_data[23] relative to clock(s) clk_50M
Related violations: <none>

TIMING-18#17 Warning
Missing input or output delay  
An input delay is missing on base_ram_data[24] relative to clock(s) clk_50M
Related violations: <none>

TIMING-18#18 Warning
Missing input or output delay  
An input delay is missing on base_ram_data[25] relative to clock(s) clk_50M
Related violations: <none>

TIMING-18#19 Warning
Missing input or output delay  
An input delay is missing on base_ram_data[26] relative to clock(s) clk_50M
Related violations: <none>

TIMING-18#20 Warning
Missing input or output delay  
An input delay is missing on base_ram_data[27] relative to clock(s) clk_50M
Related violations: <none>

TIMING-18#21 Warning
Missing input or output delay  
An input delay is missing on base_ram_data[28] relative to clock(s) clk_50M
Related violations: <none>

TIMING-18#22 Warning
Missing input or output delay  
An input delay is missing on base_ram_data[29] relative to clock(s) clk_50M
Related violations: <none>

TIMING-18#23 Warning
Missing input or output delay  
An input delay is missing on base_ram_data[2] relative to clock(s) clk_50M
Related violations: <none>

TIMING-18#24 Warning
Missing input or output delay  
An input delay is missing on base_ram_data[30] relative to clock(s) clk_50M
Related violations: <none>

TIMING-18#25 Warning
Missing input or output delay  
An input delay is missing on base_ram_data[31] relative to clock(s) clk_50M
Related violations: <none>

TIMING-18#26 Warning
Missing input or output delay  
An input delay is missing on base_ram_data[3] relative to clock(s) clk_50M
Related violations: <none>

TIMING-18#27 Warning
Missing input or output delay  
An input delay is missing on base_ram_data[4] relative to clock(s) clk_50M
Related violations: <none>

TIMING-18#28 Warning
Missing input or output delay  
An input delay is missing on base_ram_data[5] relative to clock(s) clk_50M
Related violations: <none>

TIMING-18#29 Warning
Missing input or output delay  
An input delay is missing on base_ram_data[6] relative to clock(s) clk_50M
Related violations: <none>

TIMING-18#30 Warning
Missing input or output delay  
An input delay is missing on base_ram_data[7] relative to clock(s) clk_50M
Related violations: <none>

TIMING-18#31 Warning
Missing input or output delay  
An input delay is missing on base_ram_data[8] relative to clock(s) clk_50M
Related violations: <none>

TIMING-18#32 Warning
Missing input or output delay  
An input delay is missing on base_ram_data[9] relative to clock(s) clk_50M
Related violations: <none>

TIMING-18#33 Warning
Missing input or output delay  
An input delay is missing on ext_ram_data[0] relative to clock(s) clk_50M
Related violations: <none>

TIMING-18#34 Warning
Missing input or output delay  
An input delay is missing on ext_ram_data[10] relative to clock(s) clk_50M
Related violations: <none>

TIMING-18#35 Warning
Missing input or output delay  
An input delay is missing on ext_ram_data[11] relative to clock(s) clk_50M
Related violations: <none>

TIMING-18#36 Warning
Missing input or output delay  
An input delay is missing on ext_ram_data[12] relative to clock(s) clk_50M
Related violations: <none>

TIMING-18#37 Warning
Missing input or output delay  
An input delay is missing on ext_ram_data[13] relative to clock(s) clk_50M
Related violations: <none>

TIMING-18#38 Warning
Missing input or output delay  
An input delay is missing on ext_ram_data[14] relative to clock(s) clk_50M
Related violations: <none>

TIMING-18#39 Warning
Missing input or output delay  
An input delay is missing on ext_ram_data[15] relative to clock(s) clk_50M
Related violations: <none>

TIMING-18#40 Warning
Missing input or output delay  
An input delay is missing on ext_ram_data[16] relative to clock(s) clk_50M
Related violations: <none>

TIMING-18#41 Warning
Missing input or output delay  
An input delay is missing on ext_ram_data[17] relative to clock(s) clk_50M
Related violations: <none>

TIMING-18#42 Warning
Missing input or output delay  
An input delay is missing on ext_ram_data[18] relative to clock(s) clk_50M
Related violations: <none>

TIMING-18#43 Warning
Missing input or output delay  
An input delay is missing on ext_ram_data[19] relative to clock(s) clk_50M
Related violations: <none>

TIMING-18#44 Warning
Missing input or output delay  
An input delay is missing on ext_ram_data[1] relative to clock(s) clk_50M
Related violations: <none>

TIMING-18#45 Warning
Missing input or output delay  
An input delay is missing on ext_ram_data[20] relative to clock(s) clk_50M
Related violations: <none>

TIMING-18#46 Warning
Missing input or output delay  
An input delay is missing on ext_ram_data[21] relative to clock(s) clk_50M
Related violations: <none>

TIMING-18#47 Warning
Missing input or output delay  
An input delay is missing on ext_ram_data[22] relative to clock(s) clk_50M
Related violations: <none>

TIMING-18#48 Warning
Missing input or output delay  
An input delay is missing on ext_ram_data[23] relative to clock(s) clk_50M
Related violations: <none>

TIMING-18#49 Warning
Missing input or output delay  
An input delay is missing on ext_ram_data[24] relative to clock(s) clk_50M
Related violations: <none>

TIMING-18#50 Warning
Missing input or output delay  
An input delay is missing on ext_ram_data[25] relative to clock(s) clk_50M
Related violations: <none>

TIMING-18#51 Warning
Missing input or output delay  
An input delay is missing on ext_ram_data[26] relative to clock(s) clk_50M
Related violations: <none>

TIMING-18#52 Warning
Missing input or output delay  
An input delay is missing on ext_ram_data[27] relative to clock(s) clk_50M
Related violations: <none>

TIMING-18#53 Warning
Missing input or output delay  
An input delay is missing on ext_ram_data[28] relative to clock(s) clk_50M
Related violations: <none>

TIMING-18#54 Warning
Missing input or output delay  
An input delay is missing on ext_ram_data[29] relative to clock(s) clk_50M
Related violations: <none>

TIMING-18#55 Warning
Missing input or output delay  
An input delay is missing on ext_ram_data[2] relative to clock(s) clk_50M
Related violations: <none>

TIMING-18#56 Warning
Missing input or output delay  
An input delay is missing on ext_ram_data[30] relative to clock(s) clk_50M
Related violations: <none>

TIMING-18#57 Warning
Missing input or output delay  
An input delay is missing on ext_ram_data[31] relative to clock(s) clk_50M
Related violations: <none>

TIMING-18#58 Warning
Missing input or output delay  
An input delay is missing on ext_ram_data[3] relative to clock(s) clk_50M
Related violations: <none>

TIMING-18#59 Warning
Missing input or output delay  
An input delay is missing on ext_ram_data[4] relative to clock(s) clk_50M
Related violations: <none>

TIMING-18#60 Warning
Missing input or output delay  
An input delay is missing on ext_ram_data[5] relative to clock(s) clk_50M
Related violations: <none>

TIMING-18#61 Warning
Missing input or output delay  
An input delay is missing on ext_ram_data[6] relative to clock(s) clk_50M
Related violations: <none>

TIMING-18#62 Warning
Missing input or output delay  
An input delay is missing on ext_ram_data[7] relative to clock(s) clk_50M
Related violations: <none>

TIMING-18#63 Warning
Missing input or output delay  
An input delay is missing on ext_ram_data[8] relative to clock(s) clk_50M
Related violations: <none>

TIMING-18#64 Warning
Missing input or output delay  
An input delay is missing on ext_ram_data[9] relative to clock(s) clk_50M
Related violations: <none>

TIMING-18#65 Warning
Missing input or output delay  
An input delay is missing on rxd relative to clock(s) clk_50M
Related violations: <none>

TIMING-18#66 Warning
Missing input or output delay  
An output delay is missing on base_ram_addr[0] relative to clock(s) clk_50M
Related violations: <none>

TIMING-18#67 Warning
Missing input or output delay  
An output delay is missing on base_ram_addr[10] relative to clock(s) clk_50M
Related violations: <none>

TIMING-18#68 Warning
Missing input or output delay  
An output delay is missing on base_ram_addr[11] relative to clock(s) clk_50M
Related violations: <none>

TIMING-18#69 Warning
Missing input or output delay  
An output delay is missing on base_ram_addr[12] relative to clock(s) clk_50M
Related violations: <none>

TIMING-18#70 Warning
Missing input or output delay  
An output delay is missing on base_ram_addr[13] relative to clock(s) clk_50M
Related violations: <none>

TIMING-18#71 Warning
Missing input or output delay  
An output delay is missing on base_ram_addr[14] relative to clock(s) clk_50M
Related violations: <none>

TIMING-18#72 Warning
Missing input or output delay  
An output delay is missing on base_ram_addr[15] relative to clock(s) clk_50M
Related violations: <none>

TIMING-18#73 Warning
Missing input or output delay  
An output delay is missing on base_ram_addr[16] relative to clock(s) clk_50M
Related violations: <none>

TIMING-18#74 Warning
Missing input or output delay  
An output delay is missing on base_ram_addr[17] relative to clock(s) clk_50M
Related violations: <none>

TIMING-18#75 Warning
Missing input or output delay  
An output delay is missing on base_ram_addr[18] relative to clock(s) clk_50M
Related violations: <none>

TIMING-18#76 Warning
Missing input or output delay  
An output delay is missing on base_ram_addr[19] relative to clock(s) clk_50M
Related violations: <none>

TIMING-18#77 Warning
Missing input or output delay  
An output delay is missing on base_ram_addr[1] relative to clock(s) clk_50M
Related violations: <none>

TIMING-18#78 Warning
Missing input or output delay  
An output delay is missing on base_ram_addr[2] relative to clock(s) clk_50M
Related violations: <none>

TIMING-18#79 Warning
Missing input or output delay  
An output delay is missing on base_ram_addr[3] relative to clock(s) clk_50M
Related violations: <none>

TIMING-18#80 Warning
Missing input or output delay  
An output delay is missing on base_ram_addr[4] relative to clock(s) clk_50M
Related violations: <none>

TIMING-18#81 Warning
Missing input or output delay  
An output delay is missing on base_ram_addr[5] relative to clock(s) clk_50M
Related violations: <none>

TIMING-18#82 Warning
Missing input or output delay  
An output delay is missing on base_ram_addr[6] relative to clock(s) clk_50M
Related violations: <none>

TIMING-18#83 Warning
Missing input or output delay  
An output delay is missing on base_ram_addr[7] relative to clock(s) clk_50M
Related violations: <none>

TIMING-18#84 Warning
Missing input or output delay  
An output delay is missing on base_ram_addr[8] relative to clock(s) clk_50M
Related violations: <none>

TIMING-18#85 Warning
Missing input or output delay  
An output delay is missing on base_ram_addr[9] relative to clock(s) clk_50M
Related violations: <none>

TIMING-18#86 Warning
Missing input or output delay  
An output delay is missing on base_ram_ce_n relative to clock(s) clk_50M
Related violations: <none>

TIMING-18#87 Warning
Missing input or output delay  
An output delay is missing on base_ram_oe_n relative to clock(s) clk_50M
Related violations: <none>

TIMING-18#88 Warning
Missing input or output delay  
An output delay is missing on base_ram_we_n relative to clock(s) clk_50M
Related violations: <none>

TIMING-18#89 Warning
Missing input or output delay  
An output delay is missing on ext_ram_addr[0] relative to clock(s) clk_50M
Related violations: <none>

TIMING-18#90 Warning
Missing input or output delay  
An output delay is missing on ext_ram_addr[10] relative to clock(s) clk_50M
Related violations: <none>

TIMING-18#91 Warning
Missing input or output delay  
An output delay is missing on ext_ram_addr[11] relative to clock(s) clk_50M
Related violations: <none>

TIMING-18#92 Warning
Missing input or output delay  
An output delay is missing on ext_ram_addr[12] relative to clock(s) clk_50M
Related violations: <none>

TIMING-18#93 Warning
Missing input or output delay  
An output delay is missing on ext_ram_addr[13] relative to clock(s) clk_50M
Related violations: <none>

TIMING-18#94 Warning
Missing input or output delay  
An output delay is missing on ext_ram_addr[14] relative to clock(s) clk_50M
Related violations: <none>

TIMING-18#95 Warning
Missing input or output delay  
An output delay is missing on ext_ram_addr[15] relative to clock(s) clk_50M
Related violations: <none>

TIMING-18#96 Warning
Missing input or output delay  
An output delay is missing on ext_ram_addr[16] relative to clock(s) clk_50M
Related violations: <none>

TIMING-18#97 Warning
Missing input or output delay  
An output delay is missing on ext_ram_addr[17] relative to clock(s) clk_50M
Related violations: <none>

TIMING-18#98 Warning
Missing input or output delay  
An output delay is missing on ext_ram_addr[18] relative to clock(s) clk_50M
Related violations: <none>

TIMING-18#99 Warning
Missing input or output delay  
An output delay is missing on ext_ram_addr[19] relative to clock(s) clk_50M
Related violations: <none>

TIMING-18#100 Warning
Missing input or output delay  
An output delay is missing on ext_ram_addr[1] relative to clock(s) clk_50M
Related violations: <none>

TIMING-18#101 Warning
Missing input or output delay  
An output delay is missing on ext_ram_addr[2] relative to clock(s) clk_50M
Related violations: <none>

TIMING-18#102 Warning
Missing input or output delay  
An output delay is missing on ext_ram_addr[3] relative to clock(s) clk_50M
Related violations: <none>

TIMING-18#103 Warning
Missing input or output delay  
An output delay is missing on ext_ram_addr[4] relative to clock(s) clk_50M
Related violations: <none>

TIMING-18#104 Warning
Missing input or output delay  
An output delay is missing on ext_ram_addr[5] relative to clock(s) clk_50M
Related violations: <none>

TIMING-18#105 Warning
Missing input or output delay  
An output delay is missing on ext_ram_addr[6] relative to clock(s) clk_50M
Related violations: <none>

TIMING-18#106 Warning
Missing input or output delay  
An output delay is missing on ext_ram_addr[7] relative to clock(s) clk_50M
Related violations: <none>

TIMING-18#107 Warning
Missing input or output delay  
An output delay is missing on ext_ram_addr[8] relative to clock(s) clk_50M
Related violations: <none>

TIMING-18#108 Warning
Missing input or output delay  
An output delay is missing on ext_ram_addr[9] relative to clock(s) clk_50M
Related violations: <none>

TIMING-18#109 Warning
Missing input or output delay  
An output delay is missing on ext_ram_ce_n relative to clock(s) clk_50M
Related violations: <none>

TIMING-18#110 Warning
Missing input or output delay  
An output delay is missing on ext_ram_oe_n relative to clock(s) clk_50M
Related violations: <none>

TIMING-18#111 Warning
Missing input or output delay  
An output delay is missing on ext_ram_we_n relative to clock(s) clk_50M
Related violations: <none>

TIMING-18#112 Warning
Missing input or output delay  
An output delay is missing on leds[0] relative to clock(s) clk_50M
Related violations: <none>

TIMING-18#113 Warning
Missing input or output delay  
An output delay is missing on leds[10] relative to clock(s) clk_50M
Related violations: <none>

TIMING-18#114 Warning
Missing input or output delay  
An output delay is missing on leds[11] relative to clock(s) clk_50M
Related violations: <none>

TIMING-18#115 Warning
Missing input or output delay  
An output delay is missing on leds[12] relative to clock(s) clk_50M
Related violations: <none>

TIMING-18#116 Warning
Missing input or output delay  
An output delay is missing on leds[13] relative to clock(s) clk_50M
Related violations: <none>

TIMING-18#117 Warning
Missing input or output delay  
An output delay is missing on leds[14] relative to clock(s) clk_50M
Related violations: <none>

TIMING-18#118 Warning
Missing input or output delay  
An output delay is missing on leds[15] relative to clock(s) clk_50M
Related violations: <none>

TIMING-18#119 Warning
Missing input or output delay  
An output delay is missing on leds[1] relative to clock(s) clk_50M
Related violations: <none>

TIMING-18#120 Warning
Missing input or output delay  
An output delay is missing on leds[2] relative to clock(s) clk_50M
Related violations: <none>

TIMING-18#121 Warning
Missing input or output delay  
An output delay is missing on leds[3] relative to clock(s) clk_50M
Related violations: <none>

TIMING-18#122 Warning
Missing input or output delay  
An output delay is missing on leds[4] relative to clock(s) clk_50M
Related violations: <none>

TIMING-18#123 Warning
Missing input or output delay  
An output delay is missing on leds[5] relative to clock(s) clk_50M
Related violations: <none>

TIMING-18#124 Warning
Missing input or output delay  
An output delay is missing on leds[6] relative to clock(s) clk_50M
Related violations: <none>

TIMING-18#125 Warning
Missing input or output delay  
An output delay is missing on leds[7] relative to clock(s) clk_50M
Related violations: <none>

TIMING-18#126 Warning
Missing input or output delay  
An output delay is missing on leds[8] relative to clock(s) clk_50M
Related violations: <none>

TIMING-18#127 Warning
Missing input or output delay  
An output delay is missing on leds[9] relative to clock(s) clk_50M
Related violations: <none>

TIMING-18#128 Warning
Missing input or output delay  
An output delay is missing on txd relative to clock(s) clk_50M
Related violations: <none>

TIMING-18#129 Warning
Missing input or output delay  
An output delay is missing on video_blue[0] relative to clock(s) clk_50M
Related violations: <none>

TIMING-18#130 Warning
Missing input or output delay  
An output delay is missing on video_blue[1] relative to clock(s) clk_50M
Related violations: <none>

TIMING-18#131 Warning
Missing input or output delay  
An output delay is missing on video_de relative to clock(s) clk_50M
Related violations: <none>

TIMING-18#132 Warning
Missing input or output delay  
An output delay is missing on video_green[0] relative to clock(s) clk_50M
Related violations: <none>

TIMING-18#133 Warning
Missing input or output delay  
An output delay is missing on video_green[1] relative to clock(s) clk_50M
Related violations: <none>

TIMING-18#134 Warning
Missing input or output delay  
An output delay is missing on video_green[2] relative to clock(s) clk_50M
Related violations: <none>

TIMING-18#135 Warning
Missing input or output delay  
An output delay is missing on video_hsync relative to clock(s) clk_50M
Related violations: <none>

TIMING-18#136 Warning
Missing input or output delay  
An output delay is missing on video_red[0] relative to clock(s) clk_50M
Related violations: <none>

TIMING-18#137 Warning
Missing input or output delay  
An output delay is missing on video_red[1] relative to clock(s) clk_50M
Related violations: <none>

TIMING-18#138 Warning
Missing input or output delay  
An output delay is missing on video_red[2] relative to clock(s) clk_50M
Related violations: <none>

TIMING-18#139 Warning
Missing input or output delay  
An output delay is missing on video_vsync relative to clock(s) clk_50M
Related violations: <none>


